Jack options: -r -P19 -dalsa -dhw:PCH -r48000 -p1024 -n3
jackd 0.121.3
Copyright 2001-2009 Paul Davis, Stephane Letz, Jack O'Quinn, Torben Hohn and others.
jackd comes with ABSOLUTELY NO WARRANTY
This is free software, and you are welcome to redistribute it
under certain conditions; see the file COPYING for details

JACK compiled with System V SHM support.
loading driver ..
apparent rate = 48000
creating alsa driver ... hw:PCH|hw:PCH|1024|3|48000|0|0|nomon|swmeter|-|32bit
configuring for 48000Hz, period = 1024 frames (21.3 ms), buffer = 3 periods
ALSA: final selected sample format for capture: 32bit integer little-endian
ALSA: use 3 periods for capture
ALSA: final selected sample format for playback: 32bit integer little-endian
ALSA: use 3 periods for playback
Building output bridge...
alsa_out options:  -j ALSAInput -dALSAOutput1 -f 30000 -q 1 -r 48000 -p 1024 -n 3
Building input bridge...
alsa_in options: -j ALSAOutput -dALSAInput1 -f 30000 -q 1 -r 48000 -p 1024 -n 3
Connecting bridge to output...
Connecting bridge to input...
subgraph starting at PortAudio timed out (subgraph_wait_fd=17, status = 0, state = Triggered, pollret = 0 revents = 0x0)


**** alsa_pcm: xrun of at least -21182593.024 msecs


subgraph starting at ALSAOutput timed out (subgraph_wait_fd=17, status = 0, state = Finished, pollret = 0 revents = 0x0)


**** alsa_pcm: xrun of at least -26401695.744 msecs


selected sample format: float
delay = 3085
delay = 3099
delay = 1023
delay = 991
delay = 3092
delay = 981
delay = 1023
delay = 3121
delay = 1012
delay = 3101
delay = 1019
delay = 1006
delay = 1016
delay = 3107
delay = 1023
delay = 999
delay = 992
delay = 961
delay = 1023
delay = 3076
delay = 996
delay = 992
delay = 960
delay = 984
delay = 1021
delay = 981
delay = 3078
delay = 3104
delay = 3107
delay = 3085
delay = 994
delay = 1005
delay = 994
delay = 998
delay = 968
delay = 974
delay = 3083
delay = 1006
delay = 1014
delay = 1009
delay = 1017
delay = 1010
delay = 965
delay = 1007
delay = 983
delay = 3073
delay = 1020
delay = 995
delay = 988
delay = 1017
delay = 967
delay = 980
delay = 981
delay = 990
delay = 1013
delay = 1006
delay = 1023
delay = 3084
delay = 1012
delay = 973
delay = 1001
delay = 975
delay = 1021
delay = 1013
delay = 3106
delay = 1012
delay = 1006
delay = 959
delay = 3088
delay = 1020
delay = 1016
delay = 1008
delay = 1007
delay = 997
delay = 3082
delay = 3081
delay = 973
delay = 3074
delay = 986
delay = 3102
delay = 1019
delay = 975
delay = 1016
delay = 1022
delay = 3086
delay = 3129
delay = 3095
delay = 3073
delay = 3132
delay = 3116
delay = 3089
delay = 3088
delay = 3084
delay = 3140
delay = 3085
delay = 3100
delay = 3114
delay = 1013
delay = 3095
delay = 3109
delay = 3113
delay = 3136
delay = 1014
delay = 3073
delay = 3180
delay = 1003
delay = 3109
delay = 1023
delay = 1001
delay = 3077
delay = 969
delay = 985
delay = 967
delay = 1013
delay = 3082
delay = 970
delay = 3087
delay = 979
delay = 1023
delay = 3084
delay = 1020
delay = 1019
delay = 995
delay = 3105
delay = 1011
delay = 3084
delay = 1022
delay = 980
delay = 3073
delay = 981
delay = 1005
delay = 1007
delay = 1011
delay = 3074
delay = 1020
delay = 3082
delay = 981
delay = 1006
delay = 972
delay = 1002
delay = 3084
delay = 3073
delay = 3096
delay = 3092
delay = 3081
delay = 27353
delay = 1023
delay = 962
delay = 995
delay = 1023
delay = 976
delay = 986
delay = 975
delay = 3094
delay = 1000
delay = 972
delay = 3109
delay = 3081
delay = 1017
delay = 977
delay = 1022
delay = 3076
delay = 974
delay = 969
delay = 3087
delay = 1013
delay = 1019
delay = 1014
delay = 3078
delay = 3135
delay = 996
delay = 1000
delay = 3082
delay = 3103
delay = 1002
delay = 1001
delay = 3077
delay = 1004
delay = 1023
delay = 995
delay = 3073
delay = 1002
delay = 983
delay = 978
delay = 1022
delay = 1023
delay = 958
delay = 3110
delay = 1015
delay = 1018
delay = 1019
delay = 1014
delay = 1019
delay = 992
delay = 968
delay = 1018
delay = 3076
delay = 1020
delay = 3130
delay = 997
delay = 1014
delay = 993
delay = 1013
delay = 1011
delay = 1022
delay = 959
delay = 3093
delay = 3078
delay = 1012
delay = 995
delay = 993
delay = 1015
delay = 997
delay = 982
delay = 976
delay = 3082
delay = 3116
delay = 966
delay = 3090
delay = 1008
delay = 1002
delay = 1023
delay = 1008
delay = 989
delay = 970
delay = 1006
delay = 1006
delay = 1002
delay = 1019
delay = 1018
delay = 1017
delay = 990
delay = 1003
delay = 3096
delay = 3077
delay = 1012
delay = 997
delay = 3088
delay = 1019
delay = 3086
delay = 1023
delay = 982
delay = 976
delay = 988
delay = 978
delay = 1010
delay = 1006
delay = 1016
delay = 3102
delay = 1016
delay = 993
delay = 962
delay = 1019
delay = 1018
delay = 3078
delay = 993
delay = 3104
delay = 966
delay = 3093
delay = 3089
delay = 1018
delay = 979
delay = 3116
delay = 1004
delay = 3082
delay = 995
delay = 3119
delay = 3079
delay = 3108
delay = 3114
delay = 3079
delay = 3121
delay = 3121
delay = 3078
delay = 1001
delay = 3080
delay = 3115
delay = 3089
delay = 3075
delay = 1002
delay = 3108
delay = 3111
delay = 3147
delay = 1015
delay = 1023
delay = 3113
delay = 1022
delay = 3085
delay = 3092
delay = 999
delay = 3087
delay = 1011
delay = 984
delay = 3097
delay = 3109
delay = 3103
delay = 1013
delay = 3108
delay = 1020
delay = 974
delay = 3075
delay = 3076
delay = 3084
delay = 3079
delay = 26931
delay = 987
delay = 3075
delay = 3110
delay = 3107
delay = 983
delay = 3092
delay = 3083
delay = 3089
delay = 3120
delay = 3123
delay = 3082
delay = 3078
delay = 1020
delay = 982
deselected sample format: float
delay = 3072
delay = -41
delay = -29
delay = -1
delay = -53
delay = -11
delay = -32
delay = 2095
delay = 2076
delay = -13
delay = 2078
delay = -11
delay = 2055
delay = 2101
delay = 2061
delay = -26
delay = -6
delay = 2075
delay = -39
delay = 2089
delay = 2099
delay = 2053
delay = 2058
delay = -6
delay = 2070
delay = 2064
delay = -14
delay = 2067
delay = 2049
delay = 2051
delay = -38
delay = 2108
delay = 2096
delay = -27
delay = -39
delay = 2056
delay = 2053
delay = -7
delay = 2076
delay = -7
delay = 2088
delay = -15
delay = 2068
delay = -20
delay = -16
delay = -31
delay = 2069
delay = -24
delay = -18
delay = 2063
delay = -18
delay = -36
delay = 2074
delay = -24
delay = -24
delay = -9
delay = -82
delay = 2062
delay = -39
delay = -14
delay = -14
delay = -34
delay = -65
delay = -20
delay = -70
delay = -28
delay = -3
delay = 2093
delay = -32
delay = 2059
delay = 2071
delay = -3
delay = -50
delay = -37
delay = -20
delay = -25
delay = 2066
delay = 2066
delay = 2095
delay = 2049
delay = 2062
delay = 2106
delay = 2092
delay = -21
delay = 2088
delay = 2054
delay = -31
delay = 2063
delay = -10
delay = 2068
delay = -36
delay = -7
delay = -38
delay = -22
delay = -1
delay = -64
delay = -34
delay = 2061
delay = -33
delay = -31
delay = -15
delay = -29
delay = -49
delay = -5
delay = -7
delay = -74
delay = -16
delay = -55
delay = -68
delay = 2061
delay = -37
delay = -17
delay = -11
delay = -6
delay = 2067
delay = -5
delay = -45
delay = -14
delay = -4
delay = -5
delay = -21
delay = 2072
delay = -1
delay = -22
delay = -45
delay = -4
delay = 2071
delay = -20
delay = -57
delay = -27
delay = -50
delay = 2059
delay = -2
delay = 2069
delay = -46
delay = 2067
delay = -6
delay = 2053
delay = -49
delay = 2055
delay = -14
delay = 2055
delay = 2102
delay = 2072
delay = 2095
delay = 2056
delay = 2066
delay = -24233
delay = 2055
delay = -36
delay = -58
delay = -42
delay = 2055
delay = -18
delay = -8
delay = -34
delay = -13
delay = -52
delay = 2098
delay = 2071
delay = 2075
delay = 2063
delay = 2088
delay = 2052
delay = 2063
delay = 2109
delay = 2084
delay = 2105
delay = 2095
delay = 2093
delay = 2098
delay = 2102
delay = -1
delay = 2052
delay = 2069
delay = -40
delay = 2105
delay = -14
delay = 2049
delay = -13
delay = 2051
delay = 2110
delay = 2050
delay = -43
delay = 2077
delay = -17
delay = 2074
delay = 2109
delay = 2110
delay = 2049
delay = 2098
delay = 2069
delay = -18
delay = 2091
delay = 2050
delay = 2077
delay = 2100
delay = 2067
delay = 2094
delay = 2062
delay = 2065
delay = -7
delay = 2061
delay = 2098
delay = 2087
delay = -3
delay = 2066
delay = 2101
delay = 2049
delay = -14
delay = 2063
delay = 2110
delay = 2057
delay = 2076
delay = 2109
delay = 2049
delay = 2087
delay = 2110
delay = 2085
delay = 2109
delay = 2057
delay = 2060
delay = 2061
delay = -1
delay = -20
delay = -30
delay = 2050
delay = -11
delay = 2072
delay = -26
delay = 2062
delay = 2061
delay = 2077
delay = 2055
delay = -22
delay = 2065
delay = 2100
delay = -29
delay = 2090
delay = -3
delay = -34
delay = 2053
delay = -39
delay = 2070
delay = -46
delay = 2101
delay = -2
delay = 2050
delay = 2074
delay = 2110
delay = 2050
delay = 2049
delay = 2056
delay = -2
delay = -37
delay = 2074
delay = 2082
delay = -25
delay = 2052
delay = 2085
delay = 2085
delay = 2081
delay = 2089
delay = 2057
delay = -15
delay = 2110
delay = 2054
delay = 2057
delay = 2095
delay = -54
delay = 2050
delay = -6
delay = -43
delay = -16
delay = 2065
delay = 2055
delay = -24
delay = -34
delay = -32
delay = 2081
delay = -19
delay = -46
delay = -65
delay = -45
delay = 2065
delay = 2107
delay = -26
delay = -2
delay = -26
delay = -44
delay = -35
delay = -32
delay = -19
delay = -7
delay = -4
delay = -42
delay = -42
delay = -57
delay = 2063
delay = -39
delay = -11
delay = -4
delay = -22583
delay = -10
delay = -63
delay = -2
delay = -49
delay = -23
delay = -1
delay = -63
delay = -43
delay = -15
delay = -46
delay = -16
delay = -14
delay = 2076
delay = -1
delay = -27
delay = -17
delay = -62
delay = -61
delay = 2060
delay = -1
delay = 2055
delay = -36
delay = -37
delay = 2054
delay = 2049
delalay = 1012
delay = 1022
delay = 1012
delay = 3104
delay = 1022
delay = 3126
delay = 3084
delay = 3077
delay = 3109
delay = 1012
delay = 1002
delay = 3095
delay = 1003
delay = 3110
delay = 1023
delay = 3092
delay = 3076
delay = 1014
delay = 3089
delay = 1021
delay = 1015
delay = 3083
delay = 1020
delay = 3104
delay = 1006
delay = 1017
delay = 1023
delay = 963
delay = 979
delay = 1019
delay = 3094
delay = 3074
delay = 3111
delay = 975
delay = 3117
delay = 988
delay = 1009
delay = 3132
delay = 3119
delay = 1003
delay = 3086
delay = 974
delay = 3084
delay = 3093
delay = 3133
delay = 3095
delay = 3138
delay = 3128
delay = 3085
delay = 3135
delay = 3090
delay = 3074
delay = 996
delay = 1013
delay = 1011
delay = 990
delay = 1014
delay = 1002
delay = 1015
delay = 1016
delay = 3084
delay = 3077
delay = 972
delay = 3088
delay = 1022
delay = 1004
delay = 986
delay = 1019
delay = 1009
delay = 989
delay = 3076
delay = 975
delay = 998
delay = 1013
delay = 1002
delay = 3086
delay = 3103
delay = 1020
delay = 983
delay = 3088
delay = 1020
delay = 1022
delay = 1019
delay = 971
delay = 1016
delay = 960
delay = 994
delay = 990
delay = 3085
delay = 1006
delay = 3073
delay = 3108
delay = 3113
delay = 3128
delay = 3094
delay = 3095
delay = 1021
delay = 995
delay = 964
delay = 994
delay = 996
delay = 962
delay = 3092
delay = 977
delay = 989
delay = 3107
delay = 3103
delay = 3110
delay = 3090
delay = 3121
delay = 1009
delay = 3091
delay = 999
delay = 3092
delay = 3107
delay = 1023
delay = 972
delay = 966
delay = 1021
delay = 965
delay = 1016
delay = 983
delay = 963
delay = 1017
delay = 3123
delay = 1014
delay = 1013
delay = 3082
delay = 982
delay = 3073
delay = 3098
delay = 1001
delay = 3098
delay = 3121
delay = 3138
delay = 3073
delay = 1019
delay = 3172
delay = 1012
delay = 986
delay = 3086
delay = 985
delay = 3082
delay = 3112
delay = 3090
delay = 3082
delay = 3083
delay = 3076
delay = 1020
delay = 979
delay = 1018
delay = 1003
delay = 997
delay = 3107
delay = 1023
delay = 974
delay = 3113
delay = 1018
delay = 984
delay = 989
delay = 967
delay = 1003
delay = 961
delay = 1001
delay = 1010
delay = 1005
delay = 1017
delay = 1023
delay = 989
delay = 1012
delay = 3111
delay = 3110
delay = 3089
delay = 3083
delay = 1023
delay = 3081
delay = 1001
delay = 1018
delay = 996
delay = 1016
delay = 975
delay = 1001
delay = 1019
delay = 3100
delay = 983
delay = 973
delay = 3090
delay = 3107
delay = 3095
delay = 3074
delay = 3087
delay = 988
delay = 1015
delay = 1019
delay = 3122
delay = 998
delay = 3092
delay = 1019
delay = 990
delay = 960
delay = 996
delay = 979
delay = 981
delay = 987
delay = 980
delay = 3080
delay = 992
delay = 3085
delay = 3097
delay = 3077
delay = 3112
delay = 3098
delay = 1020
delay = 987
delay = 960
delay = 974
delay = 983
delay = 975
delay = 1002
delay = 1018
delay = 960
delay = 961
delay = 3097
delay = 1021
delay = 1020
delay = 978
delay = 3076
delay = 997
delay = 1011
delay = 981
delay = 1005
delay = 1023
delay = 1001
delay = 3078
delay = 3130
delay = 996
delay = 3087
delay = 3131
delay = 3142
delay = 3110
delay = 3082
delay = 3073
delay = 3096
delay = 1019
delay = 3094
delay = 3118
delay = 3108
delay = 3101
delay = 3116
delay = 3099
delay = 3114
delay = 3089
delay = 3147
delay = 1007
delay = 3081
delay = 3147
delay = 1012
delay = 3121
delay = 3137
delay = 3111
delay = 3112
delay = 1002
delay = 3090
delay = 3086
delay = 3129
delay = 988
delay = 3100
delay = 3122
delay = 3075
delay = 3137
delay = 1012
delay = 3088
delay = 3073
delay = 1023
delay = 961
delay = 3101
delay = 1008
delay = 3104
delay = 1004
delay = 971
delay = 972
delay = 3101
delay = 982
delay = 1008
delay = 961
delay = 1004
delay = 984
delay = 3092
delay = 1006
delay = 3102
delay = 1001
delay = 3111
delay = 993
delay = 1018
delay = 1020
delay = 3091
delay = 1011
delay = 1002
delay = 970
delay = 985
delay = 966
delay = 978
delay = 1008
delay = 1016
delay = 3073
delay = 991
delay = 985
delay = 3087
delay = 1001
delay = 3105
delay = 989
delay = 3089
delay = 1003
delay = 3102
delay = 1018
delay = 961
delay = 1007
delay = 981
delay = 964
delay = 990
delay = 960
delay = 101y = 2074
delay = -18
delay = 2088
delay = -34
delay = 2107
delay = -32
delay = -34
delay = -19
delay = 2104
delay = 2106
delay = -4
delay = -4
delay = 2049
delay = 2061
delay = 2052
delay = 2055
delay = -2
delay = 2082
delay = -26
delay = -8
delay = 2095
delay = 2056
delay = 2105
delay = -62
delay = -42
delay = 2057
delay = 2072
delay = 2078
delay = -10
delay = 2077
delay = 2051
delay = 2058
delay = 2106
delay = -4
delay = -55
delay = 2058
delay = 2108
delay = 2106
delay = 2068
delay = -7
delay = 2065
delay = 2105
delay = 2108
delay = 2055
delay = 2107
delay = 2053
delay = -32
delay = 2057
delay = 2066
delay = 2076
delay = -16
delay = 2053
delay = 2069
delay = -26
delay = -58
delay = -57
delay = -49
delay = -55
delay = 2054
delay = 2054
delay = 2106
delay = 2058
delay = 2093
delay = 2051
delay = 2086
delay = 2050
delay = 2062
delay = -32
delay = 2051
delay = -25
delay = -67
delay = 2055
delay = 2061
delay = 2092
delay = 2053
delay = -7
delay = -2
delay = -49
delay = -18
delay = -26
delay = 2061
delay = -4
delay = 2060
delay = 2081
delay = 2058
delay = 2064
delay = -6
delay = 2080
delay = 2109
delay = 2077
delay = 2059
delay = 2069
delay = -34
delay = 2073
delay = -2
delay = 2101
delay = 2101
delay = 2050
delay = -25
delay = -31
delay = 2069
delay = -12
delay = 2058
delay = -17
delay = 2062
delay = 2069
delay = 2077
delay = 2069
delay = 2078
delay = -18
delay = 2051
delay = -7
delay = -8
delay = 2098
delay = 2052
delay = 2068
delay = -33
delay = -69
delay = 2071
delay = -2
delay = -65
delay = -12
delay = -11
delay = -39
delay = 2065
delay = -25
delay = -18
delay = -38
delay = -64
delay = 2058
delay = -11
delay = -10
delay = 2058
delay = -3
delay = -15
delay = -14
delay = -74
delay = -481
delay = 2075
delay = 2082
delay = -20
delay = -1
delay = 2060
delay = -27
delay = 2054
delay = 2063
delay = -16
delay = -37
delay = -44
delay = -46
delay = -14
delay = 2068
delay = -16
delay = -74
delay = 2059
delay = -24
delay = 2070
delay = 2097
delay = -13
delay = -52
delay = -8
delay = -21
delay = -44
delay = 2051
delay = 2070
delay = 2068
delay = 2081
delay = 2092
delay = -18
delay = 2106
delay = 2079
delay = 2106
delay = 2073
delay = 2067
delay = -13
delay = 2096
delay = 2087
delay = -26
delay = 2059
delay = -4
delay = 2101
delay = 2106
delay = 2073
delay = 2108
delay = 2083
delay = 2060
delay = 2075
delay = 2083
delay = 2069
delay = 2058
delay = 2061
delay = -4
delay = 2092
delay = -25
delay = 2051
delay = 2074
delay = -32
delay = 2073
delay = 2091
delay = 2079
delay = 2077
delay = 2074
delay = -22
delay = -42
delay = -41
delay = 2053
delay = 2056
delay = 2051
delay = -56
delay = 2073
delay = -11
delay = 2070
delay = -10
delay = 2058
delay = 2095
delay = 2067
delay = 2052
delay = 2052
delay = 2090
delay = 2103
delay = 2085
delay = 2100
delay = -11
delay = 2085
delay = 2056
delay = -38
delay = 2068
delay = 2092
delay = -27
delay = 2086
delay = -18
delay = 2081
delay = 2065
delay = 2097
delay = 2065
delay = 2086
delay = 2106
delay = -14
delay = -8
delay = 2064
delay = -21
delay = 2064
delay = 2077
delay = 2080
delay = 2091
delay = 2093
delay = 2051
delay = -16
delay = -4
delay = 2062
delay = 2080
delay = 2091
delay = 2064
delay = -10
delay = 2063
delay = -20
delay = 2101
delay = -31
delay = -15
delay = -49
delay = 2057
delay = -3
delay = -45
delay = 2063
delay = -24
delay = 2066
delay = -54
delay = -2
delay = -39
delay = -6
delay = -64
delay = -7
delay = -8
delay = -42
delay = -4
delay = -28
delay = 2087
delay = 2065
delay = -15
delay = 2056
delay = -6
delay = -21
delay = 2086
delay = -9
delay = 2060
delay = -36
delay = 2080
delay = -43
delay = -30
delay = 2055
delay = -49
delay = -14
delay = -52
delay = -11
delay = 2106
delay = -8
delay = -12
delay = -56
delay = -11
delay = -61
delay = -45
delay = -8
delay = 2106
delay = -20
delay = -55
delay = -39
delay = -25
delay = 2055
delay = -35
delay = -52
delay = -48
delay = -21
delay = -62
delay = -7
delay = -68
delay = -46
delay = -12
delay = -16
delay = -59
delay = -8
delay = -5
delay = -54
delay = -18
delay = -20
delay = -29
delay = -59
delay = -18
delay = -21
delay = -5
delay = -54
dela